#
# There is insufficient memory for the Java Runtime Environment to continue.
# Native memory allocation (malloc) failed to allocate 2166896 bytes for Chunk::new
# Possible reasons:
#   The system is out of physical RAM or swap space
#   The process is running with CompressedOops enabled, and the Java Heap may be blocking the growth of the native heap
# Possible solutions:
#   Reduce memory load on the system
#   Increase physical memory or swap space
#   Check if swap backing store is full
#   Decrease Java heap size (-Xmx/-Xms)
#   Decrease number of Java threads
#   Decrease Java thread stack sizes (-Xss)
#   Set larger code cache with -XX:ReservedCodeCacheSize=
#   JVM is running with Unscaled Compressed Oops mode in which the Java heap is
#     placed in the first 4GB address space. The Java Heap base address is the
#     maximum limit for the native heap growth. Please use -XX:HeapBaseMinAddress
#     to set the Java Heap base and to place the Java Heap above 4GB virtual address.
# This output file may be truncated or incomplete.
#
#  Out of Memory Error (arena.cpp:184), pid=9144, tid=9496
#
# JRE version: Java(TM) SE Runtime Environment (20.0.1+9) (build 20.0.1+9-29)
# Java VM: Java HotSpot(TM) 64-Bit Server VM (20.0.1+9-29, mixed mode, sharing, tiered, compressed oops, compressed class ptrs, g1 gc, windows-amd64)
# No core dump will be written. Minidumps are not enabled by default on client versions of Windows
#

---------------  S U M M A R Y ------------

Command Line: -javaagent:C:\Program Files\JetBrains\IntelliJ IDEA Community Edition 2023.2\lib\idea_rt.jar=58614:C:\Program Files\JetBrains\IntelliJ IDEA Community Edition 2023.2\bin -Dfile.encoding=UTF-8 -Dsun.stdout.encoding=UTF-8 -Dsun.stderr.encoding=UTF-8 com.geekster.EcommerceApplication.EcommerceApplication

Host: Intel(R) Core(TM) i3-7020U CPU @ 2.30GHz, 4 cores, 3G,  Windows 10 , 64 bit Build 19041 (10.0.19041.3393)
Time: Sun Oct  1 12:39:36 2023 India Standard Time elapsed time: 6.117823 seconds (0d 0h 0m 6s)

---------------  T H R E A D  ---------------

Current thread (0x0000014fb8e8fcf0):  JavaThread "C2 CompilerThread0" daemon [_thread_in_native, id=9496, stack(0x0000000bca100000,0x0000000bca200000)]


Current CompileTask:
C2:   6117 3462       4       org.springframework.boot.context.properties.source.ConfigurationPropertyName$ElementsParser::parse (234 bytes)

Stack: [0x0000000bca100000,0x0000000bca200000]
Native frames: (J=compiled Java code, j=interpreted, Vv=VM code, C=native code)
V  [jvm.dll+0x6bb95a]
V  [jvm.dll+0x8485fa]
V  [jvm.dll+0x84a1f5]
V  [jvm.dll+0x84a8f3]
V  [jvm.dll+0x280b0f]
V  [jvm.dll+0xc2b11]
V  [jvm.dll+0xc2e35]
V  [jvm.dll+0x3bb142]
V  [jvm.dll+0x3857f5]
V  [jvm.dll+0x384c6a]
V  [jvm.dll+0x24b259]
V  [jvm.dll+0x24a651]
V  [jvm.dll+0x1ce491]
V  [jvm.dll+0x259e1b]
V  [jvm.dll+0x2584f0]
V  [jvm.dll+0x3f2895]
V  [jvm.dll+0x7f4b56]
V  [jvm.dll+0x6ba5cb]
C  [ucrtbase.dll+0x21bb2]
C  [KERNEL32.DLL+0x17344]
C  [ntdll.dll+0x526b1]


---------------  P R O C E S S  ---------------

Threads class SMR info:
_java_thread_list=0x0000014fbe500770, length=12, elements={
0x0000014f9e406bd0, 0x0000014fb8e7b2b0, 0x0000014fb8e7c0b0, 0x0000014fb8e7ec10,
0x0000014fb8e818e0, 0x0000014fb8e82220, 0x0000014fb8e8bb80, 0x0000014fb8e8fcf0,
0x0000014fb8e94ca0, 0x0000014fbd1207e0, 0x0000014fbd5410e0, 0x0000014fbd2a5960
}

Java Threads: ( => current thread )
  0x0000014f9e406bd0 JavaThread "main" [_thread_in_Java, id=15116, stack(0x0000000bc9400000,0x0000000bc9500000)]
  0x0000014fb8e7b2b0 JavaThread "Reference Handler" daemon [_thread_blocked, id=3992, stack(0x0000000bc9b00000,0x0000000bc9c00000)]
  0x0000014fb8e7c0b0 JavaThread "Finalizer" daemon [_thread_blocked, id=16364, stack(0x0000000bc9c00000,0x0000000bc9d00000)]
  0x0000014fb8e7ec10 JavaThread "Signal Dispatcher" daemon [_thread_blocked, id=10940, stack(0x0000000bc9d00000,0x0000000bc9e00000)]
  0x0000014fb8e818e0 JavaThread "Attach Listener" daemon [_thread_blocked, id=17744, stack(0x0000000bc9e00000,0x0000000bc9f00000)]
  0x0000014fb8e82220 JavaThread "Service Thread" daemon [_thread_blocked, id=14980, stack(0x0000000bc9f00000,0x0000000bca000000)]
  0x0000014fb8e8bb80 JavaThread "Monitor Deflation Thread" daemon [_thread_blocked, id=11824, stack(0x0000000bca000000,0x0000000bca100000)]
=>0x0000014fb8e8fcf0 JavaThread "C2 CompilerThread0" daemon [_thread_in_native, id=9496, stack(0x0000000bca100000,0x0000000bca200000)]
  0x0000014fb8e94ca0 JavaThread "C1 CompilerThread0" daemon [_thread_blocked, id=15760, stack(0x0000000bca200000,0x0000000bca300000)]
  0x0000014fbd1207e0 JavaThread "Common-Cleaner" daemon [_thread_blocked, id=1456, stack(0x0000000bca300000,0x0000000bca400000)]
  0x0000014fbd5410e0 JavaThread "Monitor Ctrl-Break" daemon [_thread_in_native, id=18852, stack(0x0000000bca400000,0x0000000bca500000)]
  0x0000014fbd2a5960 JavaThread "Notification Thread" daemon [_thread_blocked, id=18456, stack(0x0000000bca500000,0x0000000bca600000)]

Other Threads:
  0x0000014f9e4cbc60 VMThread "VM Thread" [stack: 0x0000000bc9a00000,0x0000000bc9b00000] [id=224]
  0x0000014fbd4cdc70 WatcherThread "VM Periodic Task Thread" [stack: 0x0000000bca600000,0x0000000bca700000] [id=6632]
  0x0000014f9e446d60 WorkerThread "GC Thread#0" [stack: 0x0000000bc9500000,0x0000000bc9600000] [id=16824]
  0x0000014fbdb02a00 WorkerThread "GC Thread#1" [stack: 0x0000000bca700000,0x0000000bca800000] [id=8004]
  0x0000014fbd8df100 WorkerThread "GC Thread#2" [stack: 0x0000000bca800000,0x0000000bca900000] [id=14060]
  0x0000014fbd8db210 WorkerThread "GC Thread#3" [stack: 0x0000000bca900000,0x0000000bcaa00000] [id=9932]
  0x0000014f9e44fa10 ConcurrentGCThread "G1 Main Marker" [stack: 0x0000000bc9600000,0x0000000bc9700000] [id=8016]
  0x0000014f9e451d90 WorkerThread "G1 Conc#0" [stack: 0x0000000bc9700000,0x0000000bc9800000] [id=6420]
  0x0000014f9e4ab1d0 ConcurrentGCThread "G1 Refine#0" [stack: 0x0000000bc9800000,0x0000000bc9900000] [id=16652]
  0x0000014f9e4abc70 ConcurrentGCThread "G1 Service" [stack: 0x0000000bc9900000,0x0000000bc9a00000] [id=12308]

Threads with active compile tasks:
C2 CompilerThread0     6176 3462       4       org.springframework.boot.context.properties.source.ConfigurationPropertyName$ElementsParser::parse (234 bytes)

VM state: not at safepoint (normal execution)

VM Mutex/Monitor currently owned by a thread: None

Heap address: 0x00000000c2000000, size: 992 MB, Compressed Oops mode: 32-bit

CDS archive(s) mapped at: [0x0000000800000000-0x0000000800c60000-0x0000000800c60000), size 12976128, SharedBaseAddress: 0x0000000800000000, ArchiveRelocationMode: 0.
Compressed class space mapped at: 0x0000000801000000-0x0000000841000000, reserved size: 1073741824
Narrow klass base: 0x0000000800000000, Narrow klass shift: 0, Narrow klass range: 0x100000000

GC Precious Log:
 CardTable entry size: 512
 Card Set container configuration: InlinePtr #cards 5 size 8 Array Of Cards #cards 12 size 40 Howl #buckets 4 coarsen threshold 1843 Howl Bitmap #cards 512 size 80 coarsen threshold 460 Card regions per heap region 1 cards per card region 2048
 CPUs: 4 total, 4 available
 Memory: 3962M
 Large Page Support: Disabled
 NUMA Support: Disabled
 Compressed Oops: Enabled (32-bit)
 Heap Region Size: 1M
 Heap Min Capacity: 8M
 Heap Initial Capacity: 62M
 Heap Max Capacity: 992M
 Pre-touch: Disabled
 Parallel Workers: 4
 Concurrent Workers: 1
 Concurrent Refinement Workers: 4
 Periodic GC: Disabled

Heap:
 garbage-first heap   total 48128K, used 17440K [0x00000000c2000000, 0x0000000100000000)
  region size 1024K, 7 young (7168K), 4 survivors (4096K)
 Metaspace       used 27575K, committed 28032K, reserved 1114112K
  class space    used 3523K, committed 3712K, reserved 1048576K

Heap Regions: E=young(eden), S=young(survivor), O=old, HS=humongous(starts), HC=humongous(continues), CS=collection set, F=free, OA=open archive, CA=closed archive, TAMS=top-at-mark-start, PB=parsable bottom
|   0|0x00000000c2000000, 0x00000000c2100000, 0x00000000c2100000|100%|HS|  |TAMS 0x00000000c2000000| PB 0x00000000c2000000| Complete 
|   1|0x00000000c2100000, 0x00000000c2200000, 0x00000000c2200000|100%| O|  |TAMS 0x00000000c2100000| PB 0x00000000c2100000| Untracked 
|   2|0x00000000c2200000, 0x00000000c2300000, 0x00000000c2300000|100%| O|  |TAMS 0x00000000c2200000| PB 0x00000000c2200000| Untracked 
|   3|0x00000000c2300000, 0x00000000c2400000, 0x00000000c2400000|100%| O|  |TAMS 0x00000000c2300000| PB 0x00000000c2300000| Untracked 
|   4|0x00000000c2400000, 0x00000000c2500000, 0x00000000c2500000|100%| O|  |TAMS 0x00000000c2400000| PB 0x00000000c2400000| Untracked 
|   5|0x00000000c2500000, 0x00000000c2600000, 0x00000000c2600000|100%| O|  |TAMS 0x00000000c2500000| PB 0x00000000c2500000| Untracked 
|   6|0x00000000c2600000, 0x00000000c2700000, 0x00000000c2700000|100%| O|  |TAMS 0x00000000c2600000| PB 0x00000000c2600000| Untracked 
|   7|0x00000000c2700000, 0x00000000c2800000, 0x00000000c2800000|100%| O|  |TAMS 0x00000000c2700000| PB 0x00000000c2700000| Untracked 
|   8|0x00000000c2800000, 0x00000000c2900000, 0x00000000c2900000|100%| O|  |TAMS 0x00000000c2800000| PB 0x00000000c2800000| Untracked 
|   9|0x00000000c2900000, 0x00000000c2a00000, 0x00000000c2a00000|100%| O|  |TAMS 0x00000000c2900000| PB 0x00000000c2900000| Untracked 
|  10|0x00000000c2a00000, 0x00000000c2b00000, 0x00000000c2b00000|100%| O|  |TAMS 0x00000000c2a00000| PB 0x00000000c2a00000| Untracked 
|  11|0x00000000c2b00000, 0x00000000c2bc9a00, 0x00000000c2c00000| 78%| O|  |TAMS 0x00000000c2b00000| PB 0x00000000c2b00000| Complete 
|  12|0x00000000c2c00000, 0x00000000c2c00000, 0x00000000c2d00000|  0%| F|  |TAMS 0x00000000c2c00000| PB 0x00000000c2c00000| Untracked 
|  13|0x00000000c2d00000, 0x00000000c2d00000, 0x00000000c2e00000|  0%| F|  |TAMS 0x00000000c2d00000| PB 0x00000000c2d00000| Untracked 
|  14|0x00000000c2e00000, 0x00000000c2e00000, 0x00000000c2f00000|  0%| F|  |TAMS 0x00000000c2e00000| PB 0x00000000c2e00000| Untracked 
|  15|0x00000000c2f00000, 0x00000000c2f3e6f0, 0x00000000c3000000| 24%| S|CS|TAMS 0x00000000c2f00000| PB 0x00000000c2f00000| Complete 
|  16|0x00000000c3000000, 0x00000000c3100000, 0x00000000c3100000|100%| S|CS|TAMS 0x00000000c3000000| PB 0x00000000c3000000| Complete 
|  17|0x00000000c3100000, 0x00000000c3200000, 0x00000000c3200000|100%| S|CS|TAMS 0x00000000c3100000| PB 0x00000000c3100000| Complete 
|  18|0x00000000c3200000, 0x00000000c3300000, 0x00000000c3300000|100%| S|CS|TAMS 0x00000000c3200000| PB 0x00000000c3200000| Complete 
|  19|0x00000000c3300000, 0x00000000c3300000, 0x00000000c3400000|  0%| F|  |TAMS 0x00000000c3300000| PB 0x00000000c3300000| Untracked 
|  20|0x00000000c3400000, 0x00000000c3400000, 0x00000000c3500000|  0%| F|  |TAMS 0x00000000c3400000| PB 0x00000000c3400000| Untracked 
|  21|0x00000000c3500000, 0x00000000c3500000, 0x00000000c3600000|  0%| F|  |TAMS 0x00000000c3500000| PB 0x00000000c3500000| Untracked 
|  22|0x00000000c3600000, 0x00000000c3600000, 0x00000000c3700000|  0%| F|  |TAMS 0x00000000c3600000| PB 0x00000000c3600000| Untracked 
|  23|0x00000000c3700000, 0x00000000c3700000, 0x00000000c3800000|  0%| F|  |TAMS 0x00000000c3700000| PB 0x00000000c3700000| Untracked 
|  24|0x00000000c3800000, 0x00000000c3800000, 0x00000000c3900000|  0%| F|  |TAMS 0x00000000c3800000| PB 0x00000000c3800000| Untracked 
|  25|0x00000000c3900000, 0x00000000c3900000, 0x00000000c3a00000|  0%| F|  |TAMS 0x00000000c3900000| PB 0x00000000c3900000| Untracked 
|  26|0x00000000c3a00000, 0x00000000c3a00000, 0x00000000c3b00000|  0%| F|  |TAMS 0x00000000c3a00000| PB 0x00000000c3a00000| Untracked 
|  27|0x00000000c3b00000, 0x00000000c3b00000, 0x00000000c3c00000|  0%| F|  |TAMS 0x00000000c3b00000| PB 0x00000000c3b00000| Untracked 
|  28|0x00000000c3c00000, 0x00000000c3c00000, 0x00000000c3d00000|  0%| F|  |TAMS 0x00000000c3c00000| PB 0x00000000c3c00000| Untracked 
|  29|0x00000000c3d00000, 0x00000000c3d00000, 0x00000000c3e00000|  0%| F|  |TAMS 0x00000000c3d00000| PB 0x00000000c3d00000| Untracked 
|  30|0x00000000c3e00000, 0x00000000c3e00000, 0x00000000c3f00000|  0%| F|  |TAMS 0x00000000c3e00000| PB 0x00000000c3e00000| Untracked 
|  31|0x00000000c3f00000, 0x00000000c3f00000, 0x00000000c4000000|  0%| F|  |TAMS 0x00000000c3f00000| PB 0x00000000c3f00000| Untracked 
|  32|0x00000000c4000000, 0x00000000c4000000, 0x00000000c4100000|  0%| F|  |TAMS 0x00000000c4000000| PB 0x00000000c4000000| Untracked 
|  33|0x00000000c4100000, 0x00000000c4100000, 0x00000000c4200000|  0%| F|  |TAMS 0x00000000c4100000| PB 0x00000000c4100000| Untracked 
|  34|0x00000000c4200000, 0x00000000c4200000, 0x00000000c4300000|  0%| F|  |TAMS 0x00000000c4200000| PB 0x00000000c4200000| Untracked 
|  35|0x00000000c4300000, 0x00000000c4300000, 0x00000000c4400000|  0%| F|  |TAMS 0x00000000c4300000| PB 0x00000000c4300000| Untracked 
|  36|0x00000000c4400000, 0x00000000c4400000, 0x00000000c4500000|  0%| F|  |TAMS 0x00000000c4400000| PB 0x00000000c4400000| Untracked 
|  37|0x00000000c4500000, 0x00000000c4500000, 0x00000000c4600000|  0%| F|  |TAMS 0x00000000c4500000| PB 0x00000000c4500000| Untracked 
|  38|0x00000000c4600000, 0x00000000c4600000, 0x00000000c4700000|  0%| F|  |TAMS 0x00000000c4600000| PB 0x00000000c4600000| Untracked 
|  39|0x00000000c4700000, 0x00000000c4700000, 0x00000000c4800000|  0%| F|  |TAMS 0x00000000c4700000| PB 0x00000000c4700000| Untracked 
|  40|0x00000000c4800000, 0x00000000c4800000, 0x00000000c4900000|  0%| F|  |TAMS 0x00000000c4800000| PB 0x00000000c4800000| Untracked 
|  41|0x00000000c4900000, 0x00000000c4900000, 0x00000000c4a00000|  0%| F|  |TAMS 0x00000000c4900000| PB 0x00000000c4900000| Untracked 
|  42|0x00000000c4a00000, 0x00000000c4a00000, 0x00000000c4b00000|  0%| F|  |TAMS 0x00000000c4a00000| PB 0x00000000c4a00000| Untracked 
|  43|0x00000000c4b00000, 0x00000000c4b00000, 0x00000000c4c00000|  0%| F|  |TAMS 0x00000000c4b00000| PB 0x00000000c4b00000| Untracked 
|  44|0x00000000c4c00000, 0x00000000c4cce5e8, 0x00000000c4d00000| 80%| E|  |TAMS 0x00000000c4c00000| PB 0x00000000c4c00000| Complete 
|  55|0x00000000c5700000, 0x00000000c5800000, 0x00000000c5800000|100%| E|CS|TAMS 0x00000000c5700000| PB 0x00000000c5700000| Complete 
|  61|0x00000000c5d00000, 0x00000000c5e00000, 0x00000000c5e00000|100%| E|CS|TAMS 0x00000000c5d00000| PB 0x00000000c5d00000| Complete 

Card table byte_map: [0x0000014fb56b0000,0x0000014fb58a0000] _byte_map_base: 0x0000014fb50a0000

Marking Bits: (CMBitMap*) 0x0000014f9e447390
 Bits: [0x0000014fb5a90000, 0x0000014fb6a10000)

Polling page: 0x0000014f9c1f0000

Metaspace:

Usage:
  Non-class:     23.50 MB used.
      Class:      3.44 MB used.
       Both:     26.94 MB used.

Virtual space:
  Non-class space:       64.00 MB reserved,      23.75 MB ( 37%) committed,  1 nodes.
      Class space:        1.00 GB reserved,       3.62 MB ( <1%) committed,  1 nodes.
             Both:        1.06 GB reserved,      27.38 MB (  3%) committed. 

Chunk freelists:
   Non-Class:  3.64 MB
       Class:  208.00 KB
        Both:  3.84 MB

MaxMetaspaceSize: unlimited
CompressedClassSpaceSize: 1.00 GB
Initial GC threshold: 21.00 MB
Current GC threshold: 35.25 MB
CDS: on
MetaspaceReclaimPolicy: balanced
 - commit_granule_bytes: 65536.
 - commit_granule_words: 8192.
 - virtual_space_node_default_size: 8388608.
 - enlarge_chunks_in_place: 1.
 - new_chunks_are_fully_committed: 0.
 - uncommit_free_chunks: 1.
 - use_allocation_guard: 0.


Internal statistics:

num_allocs_failed_limit: 3.
num_arena_births: 548.
num_arena_deaths: 0.
num_vsnodes_births: 2.
num_vsnodes_deaths: 0.
num_space_committed: 438.
num_space_uncommitted: 0.
num_chunks_returned_to_freelist: 3.
num_chunks_taken_from_freelist: 1549.
num_chunk_merges: 3.
num_chunk_splits: 1034.
num_chunks_enlarged: 718.
num_inconsistent_stats: 0.

CodeHeap 'non-profiled nmethods': size=120000Kb used=1330Kb max_used=1330Kb free=118670Kb
 bounds [0x0000014fadf90000, 0x0000014fae200000, 0x0000014fb54c0000]
CodeHeap 'profiled nmethods': size=120000Kb used=7422Kb max_used=7422Kb free=112578Kb
 bounds [0x0000014fa64c0000, 0x0000014fa6c00000, 0x0000014fad9f0000]
CodeHeap 'non-nmethods': size=5760Kb used=1512Kb max_used=1547Kb free=4247Kb
 bounds [0x0000014fad9f0000, 0x0000014fadc60000, 0x0000014fadf90000]
 total_blobs=4066 nmethods=3531 adapters=445
 compilation: enabled
              stopped_count=0, restarted_count=0
 full_count=0

Compilation events (20 events):
Event: 6.078 Thread 0x0000014fb8e94ca0 3528       2       java.lang.String::encodeUTF8 (141 bytes)
Event: 6.078 Thread 0x0000014fb8e94ca0 nmethod 3528 0x0000014fa6bfa010 code [0x0000014fa6bfa1e0, 0x0000014fa6bfa5b8]
Event: 6.078 Thread 0x0000014fb8e94ca0 3529       2       java.lang.String::getBytes (15 bytes)
Event: 6.079 Thread 0x0000014fb8e94ca0 nmethod 3529 0x0000014fa6bfa790 code [0x0000014fa6bfa920, 0x0000014fa6bfaa70]
Event: 6.079 Thread 0x0000014fb8e94ca0 3537       3       java.lang.Integer::reverseBytes (28 bytes)
Event: 6.079 Thread 0x0000014fb8e94ca0 nmethod 3537 0x0000014fa6bfab10 code [0x0000014fa6bfaca0, 0x0000014fa6bfadb8]
Event: 6.079 Thread 0x0000014fb8e94ca0 3536       2       java.lang.Integer::rotateRight (9 bytes)
Event: 6.079 Thread 0x0000014fb8e94ca0 nmethod 3536 0x0000014fa6bfae90 code [0x0000014fa6bfb000, 0x0000014fa6bfb0f8]
Event: 6.080 Thread 0x0000014fb8e94ca0 3539       2       sun.security.provider.DigestBase::engineUpdate (176 bytes)
Event: 6.082 Thread 0x0000014fb8e94ca0 nmethod 3539 0x0000014fa6bfb190 code [0x0000014fa6bfb3a0, 0x0000014fa6bfb9c8]
Event: 6.088 Thread 0x0000014fb8e94ca0 3540       2       java.util.concurrent.ConcurrentHashMap::tableSizeFor (32 bytes)
Event: 6.089 Thread 0x0000014fb8e94ca0 nmethod 3540 0x0000014fa6bfbc90 code [0x0000014fa6bfbe20, 0x0000014fa6bfbf98]
Event: 6.089 Thread 0x0000014fb8e94ca0 3541   !   2       java.util.concurrent.ConcurrentHashMap::initTable (112 bytes)
Event: 6.090 Thread 0x0000014fb8e94ca0 nmethod 3541 0x0000014fa6bfc090 code [0x0000014fa6bfc240, 0x0000014fa6bfc6d0]
Event: 6.090 Thread 0x0000014fb8e94ca0 3542       1       java.util.logging.Logger::getName (5 bytes)
Event: 6.090 Thread 0x0000014fb8e94ca0 nmethod 3542 0x0000014fae0dc510 code [0x0000014fae0dc680, 0x0000014fae0dc748]
Event: 6.093 Thread 0x0000014fb8e94ca0 3543 %     3       java.util.Properties::load0 @ 29 (249 bytes)
Event: 6.095 Thread 0x0000014fb8e94ca0 nmethod 3543% 0x0000014fa6bfc910 code [0x0000014fa6bfcb40, 0x0000014fa6bfd6d8]
Event: 6.102 Thread 0x0000014fb8e94ca0 3544       3       java.util.Properties::load0 (249 bytes)
Event: 6.104 Thread 0x0000014fb8e94ca0 nmethod 3544 0x0000014fa6bfda90 code [0x0000014fa6bfdcc0, 0x0000014fa6bfe6d8]

GC Heap History (12 events):
Event: 1.071 GC heap before
{Heap before GC invocations=0 (full 0):
 garbage-first heap   total 63488K, used 13312K [0x00000000c2000000, 0x0000000100000000)
  region size 1024K, 13 young (13312K), 0 survivors (0K)
 Metaspace       used 3420K, committed 3648K, reserved 1114112K
  class space    used 352K, committed 448K, reserved 1048576K
}
Event: 1.080 GC heap after
{Heap after GC invocations=1 (full 0):
 garbage-first heap   total 63488K, used 5984K [0x00000000c2000000, 0x0000000100000000)
  region size 1024K, 2 young (2048K), 2 survivors (2048K)
 Metaspace       used 3420K, committed 3648K, reserved 1114112K
  class space    used 352K, committed 448K, reserved 1048576K
}
Event: 1.897 GC heap before
{Heap before GC invocations=1 (full 0):
 garbage-first heap   total 63488K, used 18272K [0x00000000c2000000, 0x0000000100000000)
  region size 1024K, 14 young (14336K), 2 survivors (2048K)
 Metaspace       used 7177K, committed 7488K, reserved 1114112K
  class space    used 836K, committed 960K, reserved 1048576K
}
Event: 1.907 GC heap after
{Heap after GC invocations=2 (full 0):
 garbage-first heap   total 63488K, used 7591K [0x00000000c2000000, 0x0000000100000000)
  region size 1024K, 2 young (2048K), 2 survivors (2048K)
 Metaspace       used 7177K, committed 7488K, reserved 1114112K
  class space    used 836K, committed 960K, reserved 1048576K
}
Event: 2.775 GC heap before
{Heap before GC invocations=2 (full 0):
 garbage-first heap   total 63488K, used 32167K [0x00000000c2000000, 0x0000000100000000)
  region size 1024K, 27 young (27648K), 2 survivors (2048K)
 Metaspace       used 13782K, committed 14080K, reserved 1114112K
  class space    used 1782K, committed 1920K, reserved 1048576K
}
Event: 2.782 GC heap after
{Heap after GC invocations=3 (full 0):
 garbage-first heap   total 63488K, used 9511K [0x00000000c2000000, 0x0000000100000000)
  region size 1024K, 4 young (4096K), 4 survivors (4096K)
 Metaspace       used 13782K, committed 14080K, reserved 1114112K
  class space    used 1782K, committed 1920K, reserved 1048576K
}
Event: 3.832 GC heap before
{Heap before GC invocations=3 (full 0):
 garbage-first heap   total 63488K, used 42279K [0x00000000c2000000, 0x0000000100000000)
  region size 1024K, 37 young (37888K), 4 survivors (4096K)
 Metaspace       used 20141K, committed 20544K, reserved 1114112K
  class space    used 2494K, committed 2688K, reserved 1048576K
}
Event: 3.845 GC heap after
{Heap after GC invocations=4 (full 0):
 garbage-first heap   total 63488K, used 12097K [0x00000000c2000000, 0x0000000100000000)
  region size 1024K, 5 young (5120K), 5 survivors (5120K)
 Metaspace       used 20141K, committed 20544K, reserved 1114112K
  class space    used 2494K, committed 2688K, reserved 1048576K
}
Event: 4.122 GC heap before
{Heap before GC invocations=4 (full 0):
 garbage-first heap   total 63488K, used 17217K [0x00000000c2000000, 0x0000000100000000)
  region size 1024K, 11 young (11264K), 5 survivors (5120K)
 Metaspace       used 21186K, committed 21504K, reserved 1114112K
  class space    used 2613K, committed 2752K, reserved 1048576K
}
Event: 4.137 GC heap after
{Heap after GC invocations=5 (full 0):
 garbage-first heap   total 63488K, used 12839K [0x00000000c2000000, 0x0000000100000000)
  region size 1024K, 1 young (1024K), 1 survivors (1024K)
 Metaspace       used 21186K, committed 21504K, reserved 1114112K
  class space    used 2613K, committed 2752K, reserved 1048576K
}
Event: 5.877 GC heap before
{Heap before GC invocations=6 (full 0):
 garbage-first heap   total 48128K, used 40487K [0x00000000c2000000, 0x0000000100000000)
  region size 1024K, 28 young (28672K), 1 survivors (1024K)
 Metaspace       used 26369K, committed 26816K, reserved 1114112K
  class space    used 3394K, committed 3584K, reserved 1048576K
}
Event: 5.890 GC heap after
{Heap after GC invocations=7 (full 0):
 garbage-first heap   total 48128K, used 15392K [0x00000000c2000000, 0x0000000100000000)
  region size 1024K, 4 young (4096K), 4 survivors (4096K)
 Metaspace       used 26369K, committed 26816K, reserved 1114112K
  class space    used 3394K, committed 3584K, reserved 1048576K
}

Dll operation events (10 events):
Event: 0.019 Loaded shared library C:\Program Files\Java\jdk-20\bin\java.dll
Event: 0.039 Loaded shared library C:\Program Files\Java\jdk-20\bin\jsvml.dll
Event: 0.280 Loaded shared library C:\Program Files\Java\jdk-20\bin\zip.dll
Event: 0.287 Loaded shared library C:\Program Files\Java\jdk-20\bin\instrument.dll
Event: 0.300 Loaded shared library C:\Program Files\Java\jdk-20\bin\net.dll
Event: 0.303 Loaded shared library C:\Program Files\Java\jdk-20\bin\nio.dll
Event: 0.310 Loaded shared library C:\Program Files\Java\jdk-20\bin\zip.dll
Event: 0.517 Loaded shared library C:\Program Files\JetBrains\IntelliJ IDEA Community Edition 2023.2\bin\breakgen64.dll
Event: 0.540 Loaded shared library C:\Program Files\Java\jdk-20\bin\extnet.dll
Event: 0.611 Loaded shared library C:\Program Files\Java\jdk-20\bin\jimage.dll

Deoptimization events (20 events):
Event: 5.499 Thread 0x0000014f9e406bd0 DEOPT PACKING pc=0x0000014fae03e8f4 sp=0x0000000bc94fbc10
Event: 5.499 Thread 0x0000014f9e406bd0 DEOPT UNPACKING pc=0x0000014fada59d22 sp=0x0000000bc94fbb90 mode 2
Event: 5.509 Thread 0x0000014f9e406bd0 Uncommon trap: trap_request=0xffffffde fr.pc=0x0000014fae03e8f4 relative=0x0000000000000f34
Event: 5.509 Thread 0x0000014f9e406bd0 Uncommon trap: reason=class_check action=maybe_recompile pc=0x0000014fae03e8f4 method=java.util.concurrent.ConcurrentHashMap.putVal(Ljava/lang/Object;Ljava/lang/Object;Z)Ljava/lang/Object; @ 242 c2
Event: 5.509 Thread 0x0000014f9e406bd0 DEOPT PACKING pc=0x0000014fae03e8f4 sp=0x0000000bc94fd8e0
Event: 5.509 Thread 0x0000014f9e406bd0 DEOPT UNPACKING pc=0x0000014fada59d22 sp=0x0000000bc94fd860 mode 2
Event: 5.797 Thread 0x0000014f9e406bd0 Uncommon trap: trap_request=0xffffff45 fr.pc=0x0000014fae0498c4 relative=0x00000000000001a4
Event: 5.798 Thread 0x0000014f9e406bd0 Uncommon trap: reason=unstable_if action=reinterpret pc=0x0000014fae0498c4 method=java.util.concurrent.ConcurrentHashMap.get(Ljava/lang/Object;)Ljava/lang/Object; @ 152 c2
Event: 5.798 Thread 0x0000014f9e406bd0 DEOPT PACKING pc=0x0000014fae0498c4 sp=0x0000000bc94fc2c0
Event: 5.798 Thread 0x0000014f9e406bd0 DEOPT UNPACKING pc=0x0000014fada59d22 sp=0x0000000bc94fc228 mode 2
Event: 5.861 Thread 0x0000014f9e406bd0 Uncommon trap: trap_request=0xffffff45 fr.pc=0x0000014fae028640 relative=0x0000000000000300
Event: 5.861 Thread 0x0000014f9e406bd0 Uncommon trap: reason=unstable_if action=reinterpret pc=0x0000014fae028640 method=java.util.LinkedHashMap.get(Ljava/lang/Object;)Ljava/lang/Object; @ 16 c2
Event: 5.861 Thread 0x0000014f9e406bd0 DEOPT PACKING pc=0x0000014fae028640 sp=0x0000000bc94fe3c0
Event: 5.861 Thread 0x0000014f9e406bd0 DEOPT UNPACKING pc=0x0000014fada59d22 sp=0x0000000bc94fe368 mode 2
Event: 5.872 Thread 0x0000014f9e406bd0 Uncommon trap: trap_request=0xffffff45 fr.pc=0x0000014fae041dd8 relative=0x0000000000000538
Event: 5.872 Thread 0x0000014f9e406bd0 Uncommon trap: reason=unstable_if action=reinterpret pc=0x0000014fae041dd8 method=java.util.Properties.loadConvert([CIILjava/lang/StringBuilder;)Ljava/lang/String; @ 26 c2
Event: 5.872 Thread 0x0000014f9e406bd0 DEOPT PACKING pc=0x0000014fae041dd8 sp=0x0000000bc94fdea0
Event: 5.872 Thread 0x0000014f9e406bd0 DEOPT UNPACKING pc=0x0000014fada59d22 sp=0x0000000bc94fde38 mode 2
Event: 6.093 Thread 0x0000014f9e406bd0 DEOPT PACKING pc=0x0000014fa6bd9d4e sp=0x0000000bc94fde10
Event: 6.093 Thread 0x0000014f9e406bd0 DEOPT UNPACKING pc=0x0000014fada5a4c2 sp=0x0000000bc94fd320 mode 0

Classes loaded (20 events):
Event: 5.976 Loading class java/lang/constant/PrimitiveClassDescImpl
Event: 5.976 Loading class java/lang/constant/DynamicConstantDesc
Event: 5.976 Loading class java/lang/constant/DynamicConstantDesc done
Event: 5.976 Loading class java/lang/constant/PrimitiveClassDescImpl done
Event: 5.977 Loading class java/lang/constant/DynamicConstantDesc$AnonymousDynamicConstantDesc
Event: 5.977 Loading class java/lang/constant/DynamicConstantDesc$AnonymousDynamicConstantDesc done
Event: 6.007 Loading class java/net/NetworkInterface$1
Event: 6.008 Loading class java/net/NetworkInterface$1 done
Event: 6.076 Loading class sun/security/provider/AbstractDrbg$NonceProvider
Event: 6.077 Loading class sun/security/provider/AbstractDrbg$NonceProvider done
Event: 6.077 Loading class sun/security/provider/SHA2$SHA256
Event: 6.077 Loading class sun/security/provider/SHA2
Event: 6.078 Loading class sun/security/provider/SHA2 done
Event: 6.078 Loading class sun/security/provider/SHA2$SHA256 done
Event: 6.081 Loading class sun/nio/fs/WindowsPath$1
Event: 6.081 Loading class sun/nio/fs/WindowsPath$1 done
Event: 6.083 Loading class java/io/DeleteOnExitHook
Event: 6.084 Loading class java/io/DeleteOnExitHook done
Event: 6.084 Loading class java/io/DeleteOnExitHook$1
Event: 6.084 Loading class java/io/DeleteOnExitHook$1 done

Classes unloaded (0 events):
No events

Classes redefined (0 events):
No events

Internal exceptions (20 events):
Event: 4.995 Thread 0x0000014f9e406bd0 Exception <a 'java/lang/NoClassDefFoundError'{0x00000000c3f306d8}: org/springframework/session/jdbc/JdbcIndexedSessionRepository> (0x00000000c3f306d8) 
thrown [s\open\src\hotspot\share\classfile\systemDictionary.cpp, line 294]
Event: 5.057 Thread 0x0000014f9e406bd0 Exception <a 'java/lang/NoSuchMethodError'{0x00000000c3e34e90}: 'void java.lang.invoke.DirectMethodHandle$Holder.invokeSpecial(java.lang.Object, java.lang.Object, java.lang.Object, java.lang.Object, java.lang.Object, java.lang.Object)'> (0x00000000c3e34e90) 
thrown [s\open\src\hotspot\share\interpreter\linkResolver.cpp, line 773]
Event: 5.117 Thread 0x0000014f9e406bd0 Exception <a 'java/lang/NoSuchMethodError'{0x00000000c3d498d0}: 'void java.lang.invoke.DirectMethodHandle$Holder.invokeVirtual(java.lang.Object, java.lang.Object, int)'> (0x00000000c3d498d0) 
thrown [s\open\src\hotspot\share\interpreter\linkResolver.cpp, line 773]
Event: 5.118 Thread 0x0000014f9e406bd0 Exception <a 'java/lang/NoSuchMethodError'{0x00000000c3d4d780}: 'int java.lang.invoke.DirectMethodHandle$Holder.invokeSpecial(java.lang.Object, java.lang.Object, java.lang.Object, int)'> (0x00000000c3d4d780) 
thrown [s\open\src\hotspot\share\interpreter\linkResolver.cpp, line 773]
Event: 5.120 Thread 0x0000014f9e406bd0 Exception <a 'java/lang/NoSuchMethodError'{0x00000000c3d5f4b8}: 'java.lang.Object java.lang.invoke.DirectMethodHandle$Holder.invokeStatic(java.lang.Object, java.lang.Object, java.lang.Object, java.lang.Object, int)'> (0x00000000c3d5f4b8) 
thrown [s\open\src\hotspot\share\interpreter\linkResolver.cpp, line 773]
Event: 5.121 Thread 0x0000014f9e406bd0 Exception <a 'java/lang/NoSuchMethodError'{0x00000000c3d69b70}: 'void java.lang.invoke.DelegatingMethodHandle$Holder.reinvoke_L(java.lang.Object, java.lang.Object, int)'> (0x00000000c3d69b70) 
thrown [s\open\src\hotspot\share\interpreter\linkResolver.cpp, line 773]
Event: 5.273 Thread 0x0000014f9e406bd0 Exception <a 'java/lang/NoSuchMethodError'{0x00000000c3b8d6c8}: 'java.lang.Object java.lang.invoke.DirectMethodHandle$Holder.invokeSpecialIFC(java.lang.Object, java.lang.Object, java.lang.Object)'> (0x00000000c3b8d6c8) 
thrown [s\open\src\hotspot\share\interpreter\linkResolver.cpp, line 773]
Event: 5.296 Thread 0x0000014f9e406bd0 Exception <a 'java/lang/NoSuchMethodError'{0x00000000c3bd6750}: 'java.lang.Object java.lang.invoke.DirectMethodHandle$Holder.invokeVirtual(java.lang.Object, java.lang.Object, java.lang.Object, java.lang.Object, java.lang.Object)'> (0x00000000c3bd6750) 
thrown [s\open\src\hotspot\share\interpreter\linkResolver.cpp, line 773]
Event: 5.466 Thread 0x0000014f9e406bd0 Exception <a 'java/lang/NoSuchMethodError'{0x00000000c38787a0}: 'java.lang.reflect.Field[] java.lang.Class.getDeclaredFields(java.lang.Class)'> (0x00000000c38787a0) 
thrown [s\open\src\hotspot\share\interpreter\linkResolver.cpp, line 773]
Event: 5.484 Thread 0x0000014f9e406bd0 Exception <a 'java/lang/NoSuchMethodError'{0x00000000c38d2320}: 'java.lang.Object java.lang.invoke.DirectMethodHandle$Holder.invokeVirtual(java.lang.Object, java.lang.Object, java.lang.Object, java.lang.Object, java.lang.Object, java.lang.Object)'> (0x00000000c38d2320) 
thrown [s\open\src\hotspot\share\interpreter\linkResolver.cpp, line 773]
Event: 5.537 Thread 0x0000014f9e406bd0 Exception <a 'java/lang/NoSuchMethodError'{0x00000000c37b3fb0}: 'void java.lang.invoke.DirectMethodHandle$Holder.invokeInterface(java.lang.Object, java.lang.Object, int)'> (0x00000000c37b3fb0) 
thrown [s\open\src\hotspot\share\interpreter\linkResolver.cpp, line 773]
Event: 5.548 Thread 0x0000014f9e406bd0 Exception <a 'java/lang/IncompatibleClassChangeError'{0x00000000c36035a8}: Found class java.lang.Object, but interface was expected> (0x00000000c36035a8) 
thrown [s\open\src\hotspot\share\interpreter\linkResolver.cpp, line 840]
Event: 5.551 Thread 0x0000014f9e406bd0 Exception <a 'java/lang/NoSuchMethodError'{0x00000000c3614008}: 'int java.lang.invoke.DirectMethodHandle$Holder.invokeSpecialIFC(java.lang.Object, java.lang.Object, java.lang.Object)'> (0x00000000c3614008) 
thrown [s\open\src\hotspot\share\interpreter\linkResolver.cpp, line 773]
Event: 5.553 Thread 0x0000014f9e406bd0 Exception <a 'java/lang/NoSuchMethodError'{0x00000000c3621b70}: 'void java.lang.invoke.DirectMethodHandle$Holder.invokeStatic(java.lang.Object, int, java.lang.Object)'> (0x00000000c3621b70) 
thrown [s\open\src\hotspot\share\interpreter\linkResolver.cpp, line 773]
Event: 5.567 Thread 0x0000014f9e406bd0 Exception <a 'java/lang/NoSuchMethodError'{0x00000000c365f1b8}: 'void java.lang.invoke.DirectMethodHandle$Holder.invokeStatic(java.lang.Object, java.lang.Object, java.lang.Object, int, java.lang.Object)'> (0x00000000c365f1b8) 
thrown [s\open\src\hotspot\share\interpreter\linkResolver.cpp, line 773]
Event: 5.569 Thread 0x0000014f9e406bd0 Exception <a 'java/lang/NoSuchMethodError'{0x00000000c36662f0}: 'java.lang.Object java.lang.invoke.DirectMethodHandle$Holder.newInvokeSpecial(java.lang.Object, java.lang.Object, java.lang.Object, int)'> (0x00000000c36662f0) 
thrown [s\open\src\hotspot\share\interpreter\linkResolver.cpp, line 773]
Event: 5.569 Thread 0x0000014f9e406bd0 Exception <a 'java/lang/NoSuchMethodError'{0x00000000c366a0e0}: 'java.lang.Object java.lang.invoke.DirectMethodHandle$Holder.invokeSpecial(java.lang.Object, java.lang.Object, java.lang.Object, java.lang.Object, int)'> (0x00000000c366a0e0) 
thrown [s\open\src\hotspot\share\interpreter\linkResolver.cpp, line 773]
Event: 5.570 Thread 0x0000014f9e406bd0 Exception <a 'java/lang/NoSuchMethodError'{0x00000000c366d568}: 'java.lang.Object java.lang.invoke.Invokers$Holder.linkToTargetMethod(java.lang.Object, java.lang.Object, int, java.lang.Object)'> (0x00000000c366d568) 
thrown [s\open\src\hotspot\share\interpreter\linkResolver.cpp, line 773]
Event: 5.952 Thread 0x0000014f9e406bd0 Exception <a 'java/lang/NoSuchMethodError'{0x00000000c5d98b98}: 'java.lang.Object java.lang.invoke.DirectMethodHandle$Holder.invokeStaticInit(java.lang.Object, int, int, int, int)'> (0x00000000c5d98b98) 
thrown [s\open\src\hotspot\share\interpreter\linkResolver.cpp, line 773]
Event: 6.074 Thread 0x0000014f9e406bd0 Exception <a 'java/lang/NoSuchMethodError'{0x00000000c5720670}: 'java.lang.Object java.lang.invoke.DirectMethodHandle$Holder.invokeStaticInit(java.lang.Object, java.lang.Object, int, int, int, int)'> (0x00000000c5720670) 
thrown [s\open\src\hotspot\share\interpreter\linkResolver.cpp, line 773]

VM Operations (20 events):
Event: 4.467 Executing VM operation: HandshakeAllThreads
Event: 4.467 Executing VM operation: HandshakeAllThreads done
Event: 4.786 Executing VM operation: HandshakeAllThreads
Event: 4.786 Executing VM operation: HandshakeAllThreads done
Event: 4.823 Executing VM operation: HandshakeAllThreads
Event: 4.823 Executing VM operation: HandshakeAllThreads done
Event: 5.179 Executing VM operation: ICBufferFull
Event: 5.179 Executing VM operation: ICBufferFull done
Event: 5.240 Executing VM operation: HandshakeAllThreads
Event: 5.240 Executing VM operation: HandshakeAllThreads done
Event: 5.831 Executing VM operation: HandshakeAllThreads
Event: 5.831 Executing VM operation: HandshakeAllThreads done
Event: 5.874 Executing VM operation: ICBufferFull
Event: 5.874 Executing VM operation: ICBufferFull done
Event: 5.877 Executing VM operation: G1CollectForAllocation
Event: 5.890 Executing VM operation: G1CollectForAllocation done
Event: 5.906 Executing VM operation: HandshakeAllThreads
Event: 5.907 Executing VM operation: HandshakeAllThreads done
Event: 5.923 Executing VM operation: HandshakeAllThreads
Event: 5.923 Executing VM operation: HandshakeAllThreads done

Events (16 events):
Event: 0.039 Thread 0x0000014f9e406bd0 Thread added: 0x0000014f9e406bd0
Event: 0.067 Thread 0x0000014fb8e7b2b0 Thread added: 0x0000014fb8e7b2b0
Event: 0.068 Thread 0x0000014fb8e7c0b0 Thread added: 0x0000014fb8e7c0b0
Event: 0.069 Thread 0x0000014fb8e7ec10 Thread added: 0x0000014fb8e7ec10
Event: 0.069 Thread 0x0000014fb8e818e0 Thread added: 0x0000014fb8e818e0
Event: 0.069 Thread 0x0000014fb8e82220 Thread added: 0x0000014fb8e82220
Event: 0.069 Thread 0x0000014fb8e8bb80 Thread added: 0x0000014fb8e8bb80
Event: 0.069 Thread 0x0000014fb8e8fcf0 Thread added: 0x0000014fb8e8fcf0
Event: 0.070 Thread 0x0000014fb8e94ca0 Thread added: 0x0000014fb8e94ca0
Event: 0.227 Thread 0x0000014fbd1207e0 Thread added: 0x0000014fbd1207e0
Event: 0.518 Thread 0x0000014fbd5410e0 Thread added: 0x0000014fbd5410e0
Event: 0.519 Thread 0x0000014fbd2a5960 Thread added: 0x0000014fbd2a5960
Event: 2.158 Thread 0x0000014fbdeded90 Thread added: 0x0000014fbdeded90
Event: 2.909 Thread 0x0000014fbe3110e0 Thread added: 0x0000014fbe3110e0
Event: 2.974 Thread 0x0000014fbe3110e0 Thread exited: 0x0000014fbe3110e0
Event: 3.451 Thread 0x0000014fbdeded90 Thread exited: 0x0000014fbdeded90


Dynamic libraries:
0x00007ff7de120000 - 0x00007ff7de130000 	C:\Program Files\Java\jdk-20\bin\java.exe
0x00007ff889850000 - 0x00007ff889a48000 	C:\Windows\SYSTEM32\ntdll.dll
0x00007ff8878b0000 - 0x00007ff88796d000 	C:\Windows\System32\KERNEL32.DLL
0x00007ff887100000 - 0x00007ff8873f6000 	C:\Windows\System32\KERNELBASE.dll
0x00007ff887400000 - 0x00007ff887500000 	C:\Windows\System32\ucrtbase.dll
0x00007ff81e420000 - 0x00007ff81e439000 	C:\Program Files\Java\jdk-20\bin\jli.dll
0x00007ff889000000 - 0x00007ff8890ae000 	C:\Windows\System32\ADVAPI32.dll
0x00007ff888500000 - 0x00007ff88859e000 	C:\Windows\System32\msvcrt.dll
0x00007ff8891f0000 - 0x00007ff88928c000 	C:\Windows\System32\sechost.dll
0x00007ff888910000 - 0x00007ff888a36000 	C:\Windows\System32\RPCRT4.dll
0x00007ff81e400000 - 0x00007ff81e41b000 	C:\Program Files\Java\jdk-20\bin\VCRUNTIME140.dll
0x00007ff877600000 - 0x00007ff87789a000 	C:\Windows\WinSxS\amd64_microsoft.windows.common-controls_6595b64144ccf1df_6.0.19041.1110_none_60b5254171f9507e\COMCTL32.dll
0x00007ff8897c0000 - 0x00007ff8897ec000 	C:\Windows\System32\GDI32.dll
0x00007ff887620000 - 0x00007ff887642000 	C:\Windows\System32\win32u.dll
0x00007ff887790000 - 0x00007ff8878aa000 	C:\Windows\System32\gdi32full.dll
0x00007ff887580000 - 0x00007ff88761d000 	C:\Windows\System32\msvcp_win.dll
0x00007ff888a40000 - 0x00007ff888bde000 	C:\Windows\System32\USER32.dll
0x00007ff880160000 - 0x00007ff88016a000 	C:\Windows\SYSTEM32\VERSION.dll
0x00007ff889110000 - 0x00007ff889140000 	C:\Windows\System32\IMM32.DLL
0x00007ff868210000 - 0x00007ff86821c000 	C:\Program Files\Java\jdk-20\bin\vcruntime140_1.dll
0x00007ff81b2d0000 - 0x00007ff81b35e000 	C:\Program Files\Java\jdk-20\bin\msvcp140.dll
0x00007ff818fd0000 - 0x00007ff819c67000 	C:\Program Files\Java\jdk-20\bin\server\jvm.dll
0x00007ff874c60000 - 0x00007ff874c87000 	C:\Windows\SYSTEM32\WINMM.dll
0x00007ff876040000 - 0x00007ff876049000 	C:\Windows\SYSTEM32\WSOCK32.dll
0x00007ff888f90000 - 0x00007ff888ffb000 	C:\Windows\System32\WS2_32.dll
0x00007ff884dc0000 - 0x00007ff884dd2000 	C:\Windows\SYSTEM32\kernel.appcore.dll
0x00007ff8666c0000 - 0x00007ff8666ca000 	C:\Program Files\Java\jdk-20\bin\jimage.dll
0x00007ff873d10000 - 0x00007ff873ef4000 	C:\Windows\SYSTEM32\DBGHELP.DLL
0x00007ff873600000 - 0x00007ff873634000 	C:\Windows\SYSTEM32\dbgcore.DLL
0x00007ff887700000 - 0x00007ff887782000 	C:\Windows\System32\bcryptPrimitives.dll
0x00007ff881520000 - 0x00007ff88152e000 	C:\Program Files\Java\jdk-20\bin\instrument.dll
0x00007ff81b2a0000 - 0x00007ff81b2c6000 	C:\Program Files\Java\jdk-20\bin\java.dll
0x00007ff81b1c0000 - 0x00007ff81b297000 	C:\Program Files\Java\jdk-20\bin\jsvml.dll
0x00007ff887970000 - 0x00007ff8880b5000 	C:\Windows\System32\SHELL32.dll
0x00007ff884fc0000 - 0x00007ff88575b000 	C:\Windows\SYSTEM32\windows.storage.dll
0x00007ff8885b0000 - 0x00007ff888904000 	C:\Windows\System32\combase.dll
0x00007ff8868a0000 - 0x00007ff8868ce000 	C:\Windows\SYSTEM32\Wldp.dll
0x00007ff889140000 - 0x00007ff8891ed000 	C:\Windows\System32\SHCORE.dll
0x00007ff888f30000 - 0x00007ff888f85000 	C:\Windows\System32\shlwapi.dll
0x00007ff886e60000 - 0x00007ff886e85000 	C:\Windows\SYSTEM32\profapi.dll
0x00007ff81b160000 - 0x00007ff81b178000 	C:\Program Files\Java\jdk-20\bin\zip.dll
0x00007ff81b1a0000 - 0x00007ff81b1b3000 	C:\Program Files\Java\jdk-20\bin\net.dll
0x00007ff87ba40000 - 0x00007ff87bb4a000 	C:\Windows\SYSTEM32\WINHTTP.dll
0x00007ff886600000 - 0x00007ff88666a000 	C:\Windows\system32\mswsock.dll
0x00007ff81b180000 - 0x00007ff81b196000 	C:\Program Files\Java\jdk-20\bin\nio.dll
0x00007ff881500000 - 0x00007ff88151a000 	C:\Program Files\JetBrains\IntelliJ IDEA Community Edition 2023.2\bin\breakgen64.dll
0x00007ff8642d0000 - 0x00007ff8642d7000 	C:\Program Files\Java\jdk-20\bin\extnet.dll
0x00007ff8867f0000 - 0x00007ff886808000 	C:\Windows\SYSTEM32\CRYPTSP.dll
0x00007ff885f10000 - 0x00007ff885f44000 	C:\Windows\system32\rsaenh.dll
0x00007ff887550000 - 0x00007ff887577000 	C:\Windows\System32\bcrypt.dll
0x00007ff886e20000 - 0x00007ff886e4e000 	C:\Windows\SYSTEM32\USERENV.dll
0x00007ff886810000 - 0x00007ff88681c000 	C:\Windows\SYSTEM32\CRYPTBASE.dll
0x00007ff8862f0000 - 0x00007ff88632b000 	C:\Windows\SYSTEM32\IPHLPAPI.DLL
0x00007ff8885a0000 - 0x00007ff8885a8000 	C:\Windows\System32\NSI.dll
0x00007ff87bd30000 - 0x00007ff87bd47000 	C:\Windows\SYSTEM32\dhcpcsvc6.DLL
0x00007ff87d3c0000 - 0x00007ff87d3dd000 	C:\Windows\SYSTEM32\dhcpcsvc.DLL
0x00007ff886330000 - 0x00007ff8863fa000 	C:\Windows\SYSTEM32\DNSAPI.dll

dbghelp: loaded successfully - version: 4.0.5 - missing functions: none
symbol engine: initialized successfully - sym options: 0x614 - pdb path: .;C:\Program Files\Java\jdk-20\bin;C:\Windows\SYSTEM32;C:\Windows\WinSxS\amd64_microsoft.windows.common-controls_6595b64144ccf1df_6.0.19041.1110_none_60b5254171f9507e;C:\Program Files\Java\jdk-20\bin\server;C:\Program Files\JetBrains\IntelliJ IDEA Community Edition 2023.2\bin

VM Arguments:
jvm_args: -javaagent:C:\Program Files\JetBrains\IntelliJ IDEA Community Edition 2023.2\lib\idea_rt.jar=58614:C:\Program Files\JetBrains\IntelliJ IDEA Community Edition 2023.2\bin -Dfile.encoding=UTF-8 -Dsun.stdout.encoding=UTF-8 -Dsun.stderr.encoding=UTF-8 
java_command: com.geekster.EcommerceApplication.EcommerceApplication
java_class_path (initial): C:\Users\LENOVO\Desktop\Spring Boot\Weekly Test\EcommerceApplication\target\classes;C:\Users\LENOVO\.m2\repository\org\springframework\boot\spring-boot-starter-data-jpa\3.1.4\spring-boot-starter-data-jpa-3.1.4.jar;C:\Users\LENOVO\.m2\repository\org\springframework\boot\spring-boot-starter-aop\3.1.4\spring-boot-starter-aop-3.1.4.jar;C:\Users\LENOVO\.m2\repository\org\springframework\spring-aop\6.0.12\spring-aop-6.0.12.jar;C:\Users\LENOVO\.m2\repository\org\aspectj\aspectjweaver\1.9.20\aspectjweaver-1.9.20.jar;C:\Users\LENOVO\.m2\repository\org\springframework\boot\spring-boot-starter-jdbc\3.1.4\spring-boot-starter-jdbc-3.1.4.jar;C:\Users\LENOVO\.m2\repository\com\zaxxer\HikariCP\5.0.1\HikariCP-5.0.1.jar;C:\Users\LENOVO\.m2\repository\org\springframework\spring-jdbc\6.0.12\spring-jdbc-6.0.12.jar;C:\Users\LENOVO\.m2\repository\org\hibernate\orm\hibernate-core\6.2.9.Final\hibernate-core-6.2.9.Final.jar;C:\Users\LENOVO\.m2\repository\jakarta\persistence\jakarta.persistence-api\3.1.0\jakarta.persistence-api-3.1.0.jar;C:\Users\LENOVO\.m2\repository\jakarta\transaction\jakarta.transaction-api\2.0.1\jakarta.transaction-api-2.0.1.jar;C:\Users\LENOVO\.m2\repository\org\jboss\logging\jboss-logging\3.5.3.Final\jboss-logging-3.5.3.Final.jar;C:\Users\LENOVO\.m2\repository\org\hibernate\common\hibernate-commons-annotations\6.0.6.Final\hibernate-commons-annotations-6.0.6.Final.jar;C:\Users\LENOVO\.m2\repository\io\smallrye\jandex\3.0.5\jandex-3.0.5.jar;C:\Users\LENOVO\.m2\repository\com\fasterxml\classmate\1.5.1\classmate-1.5.1.jar;C:\Users\LENOVO\.m2\repository\net\bytebuddy\byte-buddy\1.14.8\byte-buddy-1.14.8.jar;C:\Users\LENOVO\.m2\repository\org\glassfish\jaxb\jaxb-runtime\4.0.3\jaxb-runtime-4.0.3.jar;C:\Users\LENOVO\.m2\repository\org\glassfish\jaxb\jaxb-core\4.0.3\jaxb-core-4.0.3.jar;C:\Users\LENOVO\.m2\repository\org\eclipse\angus\angus-activation\2.0.1\angus-activation-2.0.1.jar;C:\Users\LENOVO\.m2\repository\org\glassfish\jaxb\txw2\4.0.3\txw2-4.0.3.jar;C:\Users\LENOVO\.m2\repository\com\sun\istack\istack-commons-runtime\4.1.2\istack-commons-runtime-4.1.2.jar;C:\Users\LENOVO\.m2\repository\jakarta\inject\jakarta.inject-api\2.0.1\jakarta.inject-api-2.0.1.jar;C:\Users\LENOVO\.m2\repository\org\antlr\antlr4-runtime\4.10.1\antlr4-runtime-4.10.1.jar;C:\Users\LENOVO\.m2\repository\org\springframework\data\spring-data-jpa\3.1.4\spring-data-jpa-3.1.4.jar;C:\Users\LENOVO\.m2\repository\org\springframework\data\spring-data-commons\3.1.4\spring-data-commons-3.1.4.jar;C:\Users\LENOVO\.m2\repository\org\springframework\spring-orm\6.0.12\spring-orm-6.0.12.jar;C:\Users\LENOVO\.m2\repository\org\springframework\spring-context\6.0.12\spring-context-6.0.12.jar;C:\Users\LENOVO\.m2\repository\org\springframework\spring-tx\6.0.12\spring-tx-6.0.12.jar;C:\Users\LENOVO\.m2\repository\org\springframework\spring-beans\6.0.12\spring-beans-6.0.12.jar;C:\Users\LENOVO\.m2\repository\jakarta\annotation\jakarta.annotation-api\2.1.1\jakarta.annotation-api-2.1.1.jar;C:\Users\LENOVO\.m2\repository\org\slf4j\slf4j-api\2.0.9\slf4j-api-2.0.9.jar;C:\Users\LENOVO\.m2\repository\org\springframework\spring-aspects\6.0.12\spring-aspects-6.0.12.jar;C:\Users\LENOVO\.m2\repository\org\springframework\boot\spring-boot-starter-validation\3.1.4\spring-boot-starter-validation-3.1.4.jar;C:\Users\LENOVO\.m2\repository\org\springframework\boot\spring-boot-starter\3.1.4\spring-boot-starter-3.1.4.jar;C:\Users\LENOVO\.m2\repository\org\springframework\boot\spring-boot\3.1.4\spring-boot-3.1.4.jar;C:\Users\LENOVO\.m2\repository\org\springframework\boot\spring-boot-autoconfigure\3.1.4\spring-boot-autoconfigure-3.1.4.jar;C:\Users\LENOVO\.m2\repository\org\springframework\boot\spring-boot-starter-logging\3.1.4\spring-boot-starter-logging-3.1.4.jar;C:\Users\LENOVO\.m2\repository\ch\qos\logback\logback-classic\1.4.11\logback-classic-1.4.11.jar;C:\Users\LENOVO\.m2\repository\ch\qos\logback\logback-core\1.4.11\logback-core-1.4.11.jar;C:\Users\LENOVO\.m2\repository\org\apache\logging\log4j\log4j-to-slf4j\2.20.0\log4j-to-slf4j-2.20.0.jar;C:\Users\LENOVO\.m2\repository\org\apache\logging\log4j\log4j-api\2.20.0\log4j-api-2.20.0.jar;C:\Users\LENOVO\.m2\repository\org\slf4j\jul-to-slf4j\2.0.9\jul-to-slf4j-2.0.9.jar;C:\Users\LENOVO\.m2\repository\org\yaml\snakeyaml\1.33\snakeyaml-1.33.jar;C:\Users\LENOVO\.m2\repository\org\apache\tomcat\embed\tomcat-embed-el\10.1.13\tomcat-embed-el-10.1.13.jar;C:\Users\LENOVO\.m2\repository\org\hibernate\validator\hibernate-validator\8.0.1.Final\hibernate-validator-8.0.1.Final.jar;C:\Users\LENOVO\.m2\repository\jakarta\validation\jakarta.validation-api\3.0.2\jakarta.validation-api-3.0.2.jar;C:\Users\LENOVO\.m2\repository\org\springframework\boot\spring-boot-starter-web\3.1.4\spring-boot-starter-web-3.1.4.jar;C:\Users\LENOVO\.m2\repository\org\springframework\boot\spring-boot-starter-json\3.1.4\spring-boot-starter-json-3.1.4.jar;C:\Users\LENOVO\.m2\repository\com\fasterxml\jackson\core\jackson-databind\2.15.2\jackson-databind-2.15.2.jar;C:\Users\LENOVO\.m2\repository\com\fasterxml\jackson\core\jackson-annotations\2.15.2\jackson-annotations-2.15.2.jar;C:\Users\LENOVO\.m2\repository\com\fasterxml\jackson\core\jackson-core\2.15.2\jackson-core-2.15.2.jar;C:\Users\LENOVO\.m2\repository\com\fasterxml\jackson\datatype\jackson-datatype-jdk8\2.15.2\jackson-datatype-jdk8-2.15.2.jar;C:\Users\LENOVO\.m2\repository\com\fasterxml\jackson\datatype\jackson-datatype-jsr310\2.15.2\jackson-datatype-jsr310-2.15.2.jar;C:\Users\LENOVO\.m2\repository\com\fasterxml\jackson\module\jackson-module-parameter-names\2.15.2\jackson-module-parameter-names-2.15.2.jar;C:\Users\LENOVO\.m2\repository\org\springframework\boot\spring-boot-starter-tomcat\3.1.4\spring-boot-starter-tomcat-3.1.4.jar;C:\Users\LENOVO\.m2\repository\org\apache\tomcat\embed\tomcat-embed-core\10.1.13\tomcat-embed-core-10.1.13.jar;C:\Users\LENOVO\.m2\repository\org\apache\tomcat\embed\tomcat-embed-websocket\10.1.13\tomcat-embed-websocket-10.1.13.jar;C:\Users\LENOVO\.m2\repository\org\springframework\spring-web\6.0.12\spring-web-6.0.12.jar;C:\Users\LENOVO\.m2\repository\io\micrometer\micrometer-observation\1.11.4\micrometer-observation-1.11.4.jar;C:\Users\LENOVO\.m2\repository\io\micrometer\micrometer-commons\1.11.4\micrometer-commons-1.11.4.jar;C:\Users\LENOVO\.m2\repository\org\springframework\spring-webmvc\6.0.12\spring-webmvc-6.0.12.jar;C:\Users\LENOVO\.m2\repository\org\springframework\spring-expression\6.0.12\spring-expression-6.0.12.jar;C:\Users\LENOVO\.m2\repository\com\mysql\mysql-connector-j\8.0.33\mysql-connector-j-8.0.33.jar;C:\Users\LENOVO\.m2\repository\org\projectlombok\lombok\1.18.30\lombok-1.18.30.jar;C:\Users\LENOVO\.m2\repository\jakarta\xml\bind\jakarta.xml.bind-api\4.0.1\jakarta.xml.bind-api-4.0.1.jar;C:\Users\LENOVO\.m2\repository\jakarta\activation\jakarta.activation-api\2.1.2\jakarta.activation-api-2.1.2.jar;C:\Users\LENOVO\.m2\repository\org\springframework\spring-core\6.0.12\spring-core-6.0.12.jar;C:\Users\LENOVO\.m2\repository\org\springframework\spring-jcl\6.0.12\spring-jcl-6.0.12.jar
Launcher Type: SUN_STANDARD

[Global flags]
     intx CICompilerCount                          = 3                                         {product} {ergonomic}
     uint ConcGCThreads                            = 1                                         {product} {ergonomic}
     uint G1ConcRefinementThreads                  = 4                                         {product} {ergonomic}
   size_t G1HeapRegionSize                         = 1048576                                   {product} {ergonomic}
    uintx GCDrainStackTargetSize                   = 64                                        {product} {ergonomic}
   size_t InitialHeapSize                          = 65011712                                  {product} {ergonomic}
   size_t MarkStackSize                            = 4194304                                   {product} {ergonomic}
   size_t MaxHeapSize                              = 1040187392                                {product} {ergonomic}
   size_t MaxNewSize                               = 623902720                                 {product} {ergonomic}
   size_t MinHeapDeltaBytes                        = 1048576                                   {product} {ergonomic}
   size_t MinHeapSize                              = 8388608                                   {product} {ergonomic}
    uintx NonNMethodCodeHeapSize                   = 5832780                                {pd product} {ergonomic}
    uintx NonProfiledCodeHeapSize                  = 122912730                              {pd product} {ergonomic}
    uintx ProfiledCodeHeapSize                     = 122912730                              {pd product} {ergonomic}
    uintx ReservedCodeCacheSize                    = 251658240                              {pd product} {ergonomic}
     bool SegmentedCodeCache                       = true                                      {product} {ergonomic}
   size_t SoftMaxHeapSize                          = 1040187392                             {manageable} {ergonomic}
     bool UseCompressedClassPointers               = true                           {product lp64_product} {ergonomic}
     bool UseCompressedOops                        = true                           {product lp64_product} {ergonomic}
     bool UseG1GC                                  = true                                      {product} {ergonomic}
     bool UseLargePagesIndividualAllocation        = false                                  {pd product} {ergonomic}

Logging:
Log output configuration:
 #0: stdout all=warning uptime,level,tags foldmultilines=false
 #1: stderr all=off uptime,level,tags foldmultilines=false

Environment Variables:
JAVA_HOME=C:\Users\LENOVO\AppData\Local\Programs\Eclipse Adoptium\jdk-17.0.7.7-hotspot\
PATH=C:\Program Files\Common Files\Oracle\Java\javapath;C:\Windows\system32;C:\Windows;C:\Windows\System32\Wbem;C:\Windows\System32\WindowsPowerShell\v1.0\;C:\Windows\System32\OpenSSH\;C:\Program Files\Java\jdk-20\bin;C:\Program Files\Git\cmd;C:\Users\LENOVO\AppData\Local\Programs\Eclipse Adoptium\jdk-17.0.7.7-hotspot\bin;C:\Users\LENOVO\AppData\Local\Microsoft\WindowsApps;C:\Users\LENOVO\AppData\Local\Programs\Microsoft VS Code\bin;C:\Program Files\Java\jdk-20\bin;;C:\Program Files\JetBrains\IntelliJ IDEA Community Edition 2023.2\bin;
USERNAME=LENOVO
OS=Windows_NT
PROCESSOR_IDENTIFIER=Intel64 Family 6 Model 142 Stepping 10, GenuineIntel
TMP=C:\Users\LENOVO\AppData\Local\Temp
TEMP=C:\Users\LENOVO\AppData\Local\Temp




---------------  S Y S T E M  ---------------

OS:
 Windows 10 , 64 bit Build 19041 (10.0.19041.3393)
OS uptime: 8 days 20:12 hours

CPU: total 4 (initial active 4) (2 cores per cpu, 2 threads per core) family 6 model 142 stepping 10 microcode 0xb4, cx8, cmov, fxsr, ht, mmx, 3dnowpref, sse, sse2, sse3, ssse3, sse4.1, sse4.2, popcnt, lzcnt, tsc, tscinvbit, avx, avx2, aes, erms, clmul, bmi1, bmi2, adx, fma, vzeroupper, clflush, clflushopt, rdtscp, f16c

Memory: 4k page, system-wide physical 3962M (248M free)
TotalPageFile size 8058M (AvailPageFile size 5M)
current process WorkingSet (physical memory assigned to process): 142M, peak: 142M
current process commit charge ("private bytes"): 177M, peak: 182M

vm_info: Java HotSpot(TM) 64-Bit Server VM (20.0.1+9-29) for windows-amd64 JRE (20.0.1+9-29), built on 2023-03-07T13:56:11Z by "mach5one" with MS VC++ 17.1 (VS2022)

END.
